[35m[Appium][39m Welcome to Appium v1.22.3
[35m[Appium][39m Non-default server args:
[35m[Appium][39m   port: 52284
[35m[Appium][39m   loglevel: info
[35m[Appium][39m   tmpDir: C:\Users\HP\AppData\Local\Temp\\Katalon\Appium\Temp1658333607476
[35m[Appium][39m   chromedriverPort: 52285
[35m[Appium][39m Deprecated server args:
[35m[Appium][39m   [31m--chromedriver-port[39m => --default-capabilities
[35m[Appium][39m Default capabilities, which will be added to each request unless overridden by desired capabilities:
[35m[Appium][39m   chromedriverPort: 52285
[35m[Appium][39m Appium REST http interface listener started on 0.0.0.0:52284
[35m[HTTP][39m [37m-->[39m [37mGET[39m [37m/wd/hub/status[39m
[35m[HTTP][39m [90m{}[39m
[35m[HTTP][39m [37m<-- GET /wd/hub/status [39m[32m200[39m [90m4 ms - 68[39m
[35m[HTTP][39m [90m[39m
[35m[HTTP][39m [37m-->[39m [37mGET[39m [37m/wd/hub/status[39m
[35m[HTTP][39m [90m{}[39m
[35m[HTTP][39m [37m<-- GET /wd/hub/status [39m[32m200[39m [90m1 ms - 68[39m
[35m[HTTP][39m [90m[39m
[35m[HTTP][39m [37m-->[39m [37mPOST[39m [37m/wd/hub/session[39m
[35m[HTTP][39m [90m{"desiredCapabilities":{"app":"C:\\Users\\HP\\Downloads\\base.apk","noReset":true,"deviceName":"emulator-5554 (AOSP on IA Emulator - Android 9)","fullReset":false,"platform":"ANDROID","newCommandTimeout":1800,"platformVersion":"9","automationName":"uiautomator2","autoGrantPermissions":true,"platformName":"Android","udid":"emulator-5554","systemPort":52289},"capabilities":{"firstMatch":[{"appium:app":"C:\\Users\\HP\\Downloads\\base.apk","appium:autoGrantPermissions":true,"appium:automationName":"uiautomator2","appium:deviceName":"emulator-5554 (AOSP on IA Emulator - Android 9)","appium:fullReset":false,"appium:newCommandTimeout":1800,"appium:noReset":true,"platform":"ANDROID","platformName":"android","appium:platformVersion":"9","appium:systemPort":52289,"appium:udid":"emulator-5554"}]}}[39m
[35m[BaseDriver][39m The following capabilities are not standard capabilities and should have an extension prefix:
[35m[BaseDriver][39m   platform
[35m[BaseDriver][39m   chromedriverPort
[35m[Appium][39m Appium v1.22.3 creating new AndroidUiautomator2Driver (v1.70.1) session
[35m[BaseDriver][39m The following capabilities were provided, but are not recognized by Appium:
[35m[BaseDriver][39m   platform
[35m[BaseDriver][39m Session created with session id: 3cc5f5ed-bad3-4837-85fa-b5c4ca2a9ea2
[35m[BaseDriver][39m Using local app 'C:\Users\HP\Downloads\base.apk'
[35m[ADB][39m Found 3 'build-tools' folders under 'C:\Users\HP\AppData\Local\Android\Sdk' (newest first):
[35m[ADB][39m     C:/Users/HP/AppData/Local/Android/Sdk/build-tools/33.0.0-rc2
[35m[ADB][39m     C:/Users/HP/AppData/Local/Android/Sdk/build-tools/32.1.0-rc1
[35m[ADB][39m     C:/Users/HP/AppData/Local/Android/Sdk/build-tools/32.0.0
[35m[ADB][39m Using 'adb.exe' from 'C:\Users\HP\AppData\Local\Android\Sdk\platform-tools\adb.exe'
[35m[AndroidDriver][39m Retrieving device list
[35m[AndroidDriver][39m Using device: emulator-5554
[35m[ADB][39m Using 'adb.exe' from 'C:\Users\HP\AppData\Local\Android\Sdk\platform-tools\adb.exe'
[35m[ADB][39m Getting device platform version
[35m[UiAutomator2][39m Relaxing hidden api policy
[35m[ADB][39m Package name: 'com.example.flutter_gym_management_system'
[35m[ADB][39m Main activity name: 'com.example.flutter_gym_management_system.MainActivity'
[35m[ADB][39m Using 'apksigner.jar' from 'C:\Users\HP\AppData\Local\Android\Sdk\build-tools\33.0.0-rc2\lib\apksigner.jar'
[35m[ADB][39m 'C:\Users\HP\AppData\Roaming\npm\node_modules\appium\node_modules\appium-uiautomator2-server\apks\appium-uiautomator2-server-v4.27.0.apk' is signed with the default certificate
[35m[ADB][39m 'C:\Users\HP\AppData\Roaming\npm\node_modules\appium\node_modules\appium-uiautomator2-server\apks\appium-uiautomator2-server-debug-androidTest.apk' is signed with the default certificate
[35m[UiAutomator2][39m Server packages are not going to be (re)installed
[35m[ADB][39m Adding packages ["io.appium.settings","io.appium.uiautomator2.server","io.appium.uiautomator2.server.test"] to Doze whitelist
[35m[ADB][39m 'C:\Users\HP\Downloads\base.apk' is signed with a non-default certificate
[35m[UiAutomator2][39m Starting UIAutomator2 server 4.27.0
[35m[UiAutomator2][39m Using UIAutomator2 server from 'C:\Users\HP\AppData\Roaming\npm\node_modules\appium\node_modules\appium-uiautomator2-server\apks\appium-uiautomator2-server-v4.27.0.apk' and test from 'C:\Users\HP\AppData\Roaming\npm\node_modules\appium\node_modules\appium-uiautomator2-server\apks\appium-uiautomator2-server-debug-androidTest.apk'
[35m[UiAutomator2][39m Waiting up to 30000ms for UiAutomator2 to be online...
[35m[WD Proxy][39m socket hang up
[35m[WD Proxy][39m socket hang up
[35m[WD Proxy][39m Determined the downstream protocol as 'W3C'
[35m[AndroidDriver][39m Screen already unlocked, doing nothing
[35m[UiAutomator2][39m Starting 'com.example.flutter_gym_management_system/com.example.flutter_gym_management_system.MainActivity and waiting for 'com.example.flutter_gym_management_system/com.example.flutter_gym_management_system.MainActivity'
[35m[Appium][39m New AndroidUiautomator2Driver session created successfully, session 3cc5f5ed-bad3-4837-85fa-b5c4ca2a9ea2 added to master session list
[35m[HTTP][39m [37m<-- POST /wd/hub/session [39m[32m200[39m [90m10001 ms - 1279[39m
[35m[HTTP][39m [90m[39m
[35m[HTTP][39m [37m-->[39m [37mGET[39m [37m/wd/hub/session/3cc5f5ed-bad3-4837-85fa-b5c4ca2a9ea2[39m
[35m[HTTP][39m [90m{}[39m
[35m[HTTP][39m [37m<-- GET /wd/hub/session/3cc5f5ed-bad3-4837-85fa-b5c4ca2a9ea2 [39m[32m200[39m [90m24 ms - 1233[39m
[35m[HTTP][39m [90m[39m
[35m[HTTP][39m [37m-->[39m [37mGET[39m [37m/wd/hub/session/3cc5f5ed-bad3-4837-85fa-b5c4ca2a9ea2[39m
[35m[HTTP][39m [90m{}[39m
[35m[HTTP][39m [37m<-- GET /wd/hub/session/3cc5f5ed-bad3-4837-85fa-b5c4ca2a9ea2 [39m[32m200[39m [90m27 ms - 1233[39m
[35m[HTTP][39m [90m[39m
[35m[HTTP][39m [37m-->[39m [37mGET[39m [37m/wd/hub/status[39m
[35m[HTTP][39m [90m{}[39m
[35m[HTTP][39m [37m<-- GET /wd/hub/status [39m[32m200[39m [90m2 ms - 68[39m
[35m[HTTP][39m [90m[39m
[35m[HTTP][39m [37m-->[39m [37mPOST[39m [37m/wd/hub/session/3cc5f5ed-bad3-4837-85fa-b5c4ca2a9ea2/timeouts[39m
[35m[HTTP][39m [90m{"implicit":60000}[39m
[35m[HTTP][39m [37m<-- POST /wd/hub/session/3cc5f5ed-bad3-4837-85fa-b5c4ca2a9ea2/timeouts [39m[32m200[39m [90m6 ms - 14[39m
[35m[HTTP][39m [90m[39m
[35m[HTTP][39m [37m-->[39m [37mGET[39m [37m/wd/hub/session/3cc5f5ed-bad3-4837-85fa-b5c4ca2a9ea2/source[39m
[35m[HTTP][39m [90m{}[39m
[35m[W3C (3cc5f5ed)][39m Driver proxy active, passing request on via HTTP proxy
[35m[WD Proxy][39m Replacing sessionId ff82fd29-8d08-4c5b-9f9e-ee588a5ce5fd with 3cc5f5ed-bad3-4837-85fa-b5c4ca2a9ea2
[35m[HTTP][39m [37m<-- GET /wd/hub/session/3cc5f5ed-bad3-4837-85fa-b5c4ca2a9ea2/source [39m[32m200[39m [90m343 ms - 4168[39m
[35m[HTTP][39m [90m[39m
[35m[HTTP][39m [37m-->[39m [37mGET[39m [37m/wd/hub/session/3cc5f5ed-bad3-4837-85fa-b5c4ca2a9ea2/screenshot[39m
[35m[HTTP][39m [90m{}[39m
[35m[HTTP][39m [37m<-- GET /wd/hub/session/3cc5f5ed-bad3-4837-85fa-b5c4ca2a9ea2/screenshot [39m[32m200[39m [90m262 ms - 54522[39m
[35m[HTTP][39m [90m[39m
[35m[HTTP][39m [37m-->[39m [37mGET[39m [37m/wd/hub/session/3cc5f5ed-bad3-4837-85fa-b5c4ca2a9ea2/source[39m
[35m[HTTP][39m [90m{}[39m
[35m[W3C (3cc5f5ed)][39m Driver proxy active, passing request on via HTTP proxy
[35m[WD Proxy][39m Replacing sessionId ff82fd29-8d08-4c5b-9f9e-ee588a5ce5fd with 3cc5f5ed-bad3-4837-85fa-b5c4ca2a9ea2
[35m[HTTP][39m [37m<-- GET /wd/hub/session/3cc5f5ed-bad3-4837-85fa-b5c4ca2a9ea2/source [39m[32m200[39m [90m102 ms - 10868[39m
[35m[HTTP][39m [90m[39m
[35m[HTTP][39m [37m-->[39m [37mGET[39m [37m/wd/hub/session/3cc5f5ed-bad3-4837-85fa-b5c4ca2a9ea2/screenshot[39m
[35m[HTTP][39m [90m{}[39m
[35m[HTTP][39m [37m<-- GET /wd/hub/session/3cc5f5ed-bad3-4837-85fa-b5c4ca2a9ea2/screenshot [39m[32m200[39m [90m241 ms - 368826[39m
[35m[HTTP][39m [90m[39m
[35m[HTTP][39m [37m-->[39m [37mPOST[39m [37m/wd/hub/session/3cc5f5ed-bad3-4837-85fa-b5c4ca2a9ea2/elements[39m
[35m[HTTP][39m [90m{"using":"xpath","value":"//*[@class = 'android.view.View' and @resource-id = '' and (@text = '' or . = '')]"}[39m
[35m[HTTP][39m [37m<-- POST /wd/hub/session/3cc5f5ed-bad3-4837-85fa-b5c4ca2a9ea2/elements [39m[32m200[39m [90m404 ms - 2059[39m
[35m[HTTP][39m [90m[39m
[35m[HTTP][39m [37m-->[39m [37mPOST[39m [37m/wd/hub/session/3cc5f5ed-bad3-4837-85fa-b5c4ca2a9ea2/elements[39m
[35m[HTTP][39m [90m{"using":"accessibility id","value":"Profile"}[39m
[35m[HTTP][39m [37m<-- POST /wd/hub/session/3cc5f5ed-bad3-4837-85fa-b5c4ca2a9ea2/elements [39m[32m200[39m [90m21 ms - 139[39m
[35m[HTTP][39m [90m[39m
[35m[HTTP][39m [37m-->[39m [37mPOST[39m [37m/wd/hub/session/3cc5f5ed-bad3-4837-85fa-b5c4ca2a9ea2/elements[39m
[35m[HTTP][39m [90m{"using":"xpath","value":"//*[@class = 'android.widget.Button' and @resource-id = '' and (@text = '' or . = '')]"}[39m
[35m[HTTP][39m [37m<-- POST /wd/hub/session/3cc5f5ed-bad3-4837-85fa-b5c4ca2a9ea2/elements [39m[32m200[39m [90m89 ms - 395[39m
[35m[HTTP][39m [90m[39m
[35m[HTTP][39m [37m-->[39m [37mPOST[39m [37m/wd/hub/session/3cc5f5ed-bad3-4837-85fa-b5c4ca2a9ea2/elements[39m
[35m[HTTP][39m [90m{"using":"accessibility id","value":"Join Membership"}[39m
[35m[HTTP][39m [37m<-- POST /wd/hub/session/3cc5f5ed-bad3-4837-85fa-b5c4ca2a9ea2/elements [39m[32m200[39m [90m17 ms - 139[39m
[35m[HTTP][39m [90m[39m
[35m[HTTP][39m [37m-->[39m [37mPOST[39m [37m/wd/hub/session/3cc5f5ed-bad3-4837-85fa-b5c4ca2a9ea2/elements[39m
[35m[HTTP][39m [90m{"using":"xpath","value":"//*[@class = 'android.widget.Button' and @resource-id = '' and (@text = '' or . = '')]"}[39m
[35m[HTTP][39m [37m<-- POST /wd/hub/session/3cc5f5ed-bad3-4837-85fa-b5c4ca2a9ea2/elements [39m[32m200[39m [90m69 ms - 395[39m
[35m[HTTP][39m [90m[39m
[35m[HTTP][39m [37m-->[39m [37mPOST[39m [37m/wd/hub/session/3cc5f5ed-bad3-4837-85fa-b5c4ca2a9ea2/elements[39m
[35m[HTTP][39m [90m{"using":"accessibility id","value":"Edit Profile"}[39m
[35m[HTTP][39m [37m<-- POST /wd/hub/session/3cc5f5ed-bad3-4837-85fa-b5c4ca2a9ea2/elements [39m[32m200[39m [90m22 ms - 139[39m
[35m[HTTP][39m [90m[39m
[35m[HTTP][39m [37m-->[39m [37mPOST[39m [37m/wd/hub/session/3cc5f5ed-bad3-4837-85fa-b5c4ca2a9ea2/elements[39m
[35m[HTTP][39m [90m{"using":"xpath","value":"//*[@class = 'android.widget.Button' and @resource-id = '' and (@text = '' or . = '')]"}[39m
[35m[HTTP][39m [37m<-- POST /wd/hub/session/3cc5f5ed-bad3-4837-85fa-b5c4ca2a9ea2/elements [39m[32m200[39m [90m58 ms - 395[39m
[35m[HTTP][39m [90m[39m
[35m[HTTP][39m [37m-->[39m [37mPOST[39m [37m/wd/hub/session/3cc5f5ed-bad3-4837-85fa-b5c4ca2a9ea2/elements[39m
[35m[HTTP][39m [90m{"using":"accessibility id","value":"Order History"}[39m
[35m[HTTP][39m [37m<-- POST /wd/hub/session/3cc5f5ed-bad3-4837-85fa-b5c4ca2a9ea2/elements [39m[32m200[39m [90m18 ms - 139[39m
[35m[HTTP][39m [90m[39m
[35m[HTTP][39m [37m-->[39m [37mPOST[39m [37m/wd/hub/session/3cc5f5ed-bad3-4837-85fa-b5c4ca2a9ea2/elements[39m
[35m[HTTP][39m [90m{"using":"xpath","value":"//*[@class = 'android.view.View' and @resource-id = '' and (@text = '' or . = '')]"}[39m
[35m[HTTP][39m [37m<-- POST /wd/hub/session/3cc5f5ed-bad3-4837-85fa-b5c4ca2a9ea2/elements [39m[32m200[39m [90m77 ms - 2059[39m
[35m[HTTP][39m [90m[39m
[35m[HTTP][39m [37m-->[39m [37mPOST[39m [37m/wd/hub/session/3cc5f5ed-bad3-4837-85fa-b5c4ca2a9ea2/elements[39m
[35m[HTTP][39m [90m{"using":"accessibility id","value":"Home\nTab 1 of 4"}[39m
[35m[HTTP][39m [37m<-- POST /wd/hub/session/3cc5f5ed-bad3-4837-85fa-b5c4ca2a9ea2/elements [39m[32m200[39m [90m17 ms - 139[39m
[35m[HTTP][39m [90m[39m
[35m[HTTP][39m [37m-->[39m [37mPOST[39m [37m/wd/hub/session/3cc5f5ed-bad3-4837-85fa-b5c4ca2a9ea2/elements[39m
[35m[HTTP][39m [90m{"using":"xpath","value":"//*[@class = 'android.view.View' and @resource-id = '' and (@text = '' or . = '')]"}[39m
[35m[HTTP][39m [37m<-- POST /wd/hub/session/3cc5f5ed-bad3-4837-85fa-b5c4ca2a9ea2/elements [39m[32m200[39m [90m78 ms - 2059[39m
[35m[HTTP][39m [90m[39m
[35m[HTTP][39m [37m-->[39m [37mPOST[39m [37m/wd/hub/session/3cc5f5ed-bad3-4837-85fa-b5c4ca2a9ea2/elements[39m
[35m[HTTP][39m [90m{"using":"accessibility id","value":"Activity\nTab 2 of 4"}[39m
[35m[HTTP][39m [37m<-- POST /wd/hub/session/3cc5f5ed-bad3-4837-85fa-b5c4ca2a9ea2/elements [39m[32m200[39m [90m21 ms - 139[39m
[35m[HTTP][39m [90m[39m
[35m[HTTP][39m [37m-->[39m [37mPOST[39m [37m/wd/hub/session/3cc5f5ed-bad3-4837-85fa-b5c4ca2a9ea2/elements[39m
[35m[HTTP][39m [90m{"using":"xpath","value":"//*[@class = 'android.view.View' and @resource-id = '' and (@text = '' or . = '')]"}[39m
[35m[HTTP][39m [37m<-- POST /wd/hub/session/3cc5f5ed-bad3-4837-85fa-b5c4ca2a9ea2/elements [39m[32m200[39m [90m82 ms - 2059[39m
[35m[HTTP][39m [90m[39m
[35m[HTTP][39m [37m-->[39m [37mPOST[39m [37m/wd/hub/session/3cc5f5ed-bad3-4837-85fa-b5c4ca2a9ea2/elements[39m
[35m[HTTP][39m [90m{"using":"accessibility id","value":"Class\nTab 3 of 4"}[39m
[35m[HTTP][39m [37m<-- POST /wd/hub/session/3cc5f5ed-bad3-4837-85fa-b5c4ca2a9ea2/elements [39m[32m200[39m [90m18 ms - 139[39m
[35m[HTTP][39m [90m[39m
[35m[HTTP][39m [37m-->[39m [37mPOST[39m [37m/wd/hub/session/3cc5f5ed-bad3-4837-85fa-b5c4ca2a9ea2/elements[39m
[35m[HTTP][39m [90m{"using":"xpath","value":"//*[@class = 'android.view.View' and @resource-id = '' and (@text = '' or . = '')]"}[39m
[35m[HTTP][39m [37m<-- POST /wd/hub/session/3cc5f5ed-bad3-4837-85fa-b5c4ca2a9ea2/elements [39m[32m200[39m [90m70 ms - 2059[39m
[35m[HTTP][39m [90m[39m
[35m[HTTP][39m [37m-->[39m [37mPOST[39m [37m/wd/hub/session/3cc5f5ed-bad3-4837-85fa-b5c4ca2a9ea2/elements[39m
[35m[HTTP][39m [90m{"using":"accessibility id","value":"Account\nTab 4 of 4"}[39m
[35m[HTTP][39m [37m<-- POST /wd/hub/session/3cc5f5ed-bad3-4837-85fa-b5c4ca2a9ea2/elements [39m[32m200[39m [90m18 ms - 139[39m
[35m[HTTP][39m [90m[39m
[35m[HTTP][39m [37m-->[39m [37mGET[39m [37m/wd/hub/session/3cc5f5ed-bad3-4837-85fa-b5c4ca2a9ea2/source[39m
[35m[HTTP][39m [90m{}[39m
[35m[W3C (3cc5f5ed)][39m Driver proxy active, passing request on via HTTP proxy
[35m[WD Proxy][39m Replacing sessionId ff82fd29-8d08-4c5b-9f9e-ee588a5ce5fd with 3cc5f5ed-bad3-4837-85fa-b5c4ca2a9ea2
[35m[HTTP][39m [37m<-- GET /wd/hub/session/3cc5f5ed-bad3-4837-85fa-b5c4ca2a9ea2/source [39m[32m200[39m [90m71 ms - 8567[39m
[35m[HTTP][39m [90m[39m
[35m[HTTP][39m [37m-->[39m [37mGET[39m [37m/wd/hub/session/3cc5f5ed-bad3-4837-85fa-b5c4ca2a9ea2/screenshot[39m
[35m[HTTP][39m [90m{}[39m
[35m[HTTP][39m [37m<-- GET /wd/hub/session/3cc5f5ed-bad3-4837-85fa-b5c4ca2a9ea2/screenshot [39m[32m200[39m [90m249 ms - 381092[39m
[35m[HTTP][39m [90m[39m
[35m[HTTP][39m [37m-->[39m [37mGET[39m [37m/wd/hub/session/3cc5f5ed-bad3-4837-85fa-b5c4ca2a9ea2/source[39m
[35m[HTTP][39m [90m{}[39m
[35m[W3C (3cc5f5ed)][39m Driver proxy active, passing request on via HTTP proxy
[35m[WD Proxy][39m Replacing sessionId ff82fd29-8d08-4c5b-9f9e-ee588a5ce5fd with 3cc5f5ed-bad3-4837-85fa-b5c4ca2a9ea2
[35m[HTTP][39m [37m<-- GET /wd/hub/session/3cc5f5ed-bad3-4837-85fa-b5c4ca2a9ea2/source [39m[32m200[39m [90m69 ms - 10751[39m
[35m[HTTP][39m [90m[39m
[35m[HTTP][39m [37m-->[39m [37mGET[39m [37m/wd/hub/session/3cc5f5ed-bad3-4837-85fa-b5c4ca2a9ea2/screenshot[39m
[35m[HTTP][39m [90m{}[39m
[35m[HTTP][39m [37m<-- GET /wd/hub/session/3cc5f5ed-bad3-4837-85fa-b5c4ca2a9ea2/screenshot [39m[32m200[39m [90m234 ms - 343226[39m
[35m[HTTP][39m [90m[39m
[35m[HTTP][39m [37m-->[39m [37mPOST[39m [37m/wd/hub/session/3cc5f5ed-bad3-4837-85fa-b5c4ca2a9ea2/elements[39m
[35m[HTTP][39m [90m{"using":"xpath","value":"//*[@class = 'android.widget.EditText' and (@text = 'example@9999' or . = 'example@9999') and @resource-id = '']"}[39m
[35m[HTTP][39m [37m<-- POST /wd/hub/session/3cc5f5ed-bad3-4837-85fa-b5c4ca2a9ea2/elements [39m[32m200[39m [90m57 ms - 139[39m
[35m[HTTP][39m [90m[39m
[35m[HTTP][39m [37m-->[39m [37mPOST[39m [37m/wd/hub/session/3cc5f5ed-bad3-4837-85fa-b5c4ca2a9ea2/elements[39m
[35m[HTTP][39m [90m{"using":"xpath","value":"//*[@class = 'android.widget.EditText' and (@text = '******' or . = '******') and @resource-id = '']"}[39m
[35m[HTTP][39m [37m<-- POST /wd/hub/session/3cc5f5ed-bad3-4837-85fa-b5c4ca2a9ea2/elements [39m[32m200[39m [90m56 ms - 139[39m
[35m[HTTP][39m [90m[39m
[35m[HTTP][39m [37m-->[39m [37mPOST[39m [37m/wd/hub/session/3cc5f5ed-bad3-4837-85fa-b5c4ca2a9ea2/elements[39m
[35m[HTTP][39m [90m{"using":"xpath","value":"//*[@class = 'android.widget.EditText' and (@text = 'Doni' or . = 'Doni') and @resource-id = '']"}[39m
[35m[HTTP][39m [37m<-- POST /wd/hub/session/3cc5f5ed-bad3-4837-85fa-b5c4ca2a9ea2/elements [39m[32m200[39m [90m45 ms - 139[39m
[35m[HTTP][39m [90m[39m
[35m[HTTP][39m [37m-->[39m [37mPOST[39m [37m/wd/hub/session/3cc5f5ed-bad3-4837-85fa-b5c4ca2a9ea2/elements[39m
[35m[HTTP][39m [90m{"using":"xpath","value":"//*[@class = 'android.widget.EditText' and (@text = '08654321234' or . = '08654321234') and @resource-id = '']"}[39m
[35m[HTTP][39m [37m<-- POST /wd/hub/session/3cc5f5ed-bad3-4837-85fa-b5c4ca2a9ea2/elements [39m[32m200[39m [90m57 ms - 139[39m
[35m[HTTP][39m [90m[39m
[35m[HTTP][39m [37m-->[39m [37mPOST[39m [37m/wd/hub/session/3cc5f5ed-bad3-4837-85fa-b5c4ca2a9ea2/elements[39m
[35m[HTTP][39m [90m{"using":"xpath","value":"//*[@class = 'android.widget.Button' and @resource-id = '' and (@text = '' or . = '')]"}[39m
[35m[HTTP][39m [37m<-- POST /wd/hub/session/3cc5f5ed-bad3-4837-85fa-b5c4ca2a9ea2/elements [39m[32m200[39m [90m45 ms - 395[39m
[35m[HTTP][39m [90m[39m
[35m[HTTP][39m [37m-->[39m [37mPOST[39m [37m/wd/hub/session/3cc5f5ed-bad3-4837-85fa-b5c4ca2a9ea2/elements[39m
[35m[HTTP][39m [90m{"using":"accessibility id","value":"Save"}[39m
[35m[HTTP][39m [37m<-- POST /wd/hub/session/3cc5f5ed-bad3-4837-85fa-b5c4ca2a9ea2/elements [39m[32m200[39m [90m16 ms - 139[39m
[35m[HTTP][39m [90m[39m
[35m[HTTP][39m [37m-->[39m [37mPOST[39m [37m/wd/hub/session/3cc5f5ed-bad3-4837-85fa-b5c4ca2a9ea2/elements[39m
[35m[HTTP][39m [90m{"using":"xpath","value":"//*[@class = 'android.widget.Button' and @resource-id = '' and (@text = '' or . = '')]"}[39m
[35m[HTTP][39m [37m<-- POST /wd/hub/session/3cc5f5ed-bad3-4837-85fa-b5c4ca2a9ea2/elements [39m[32m200[39m [90m46 ms - 139[39m
[35m[HTTP][39m [90m[39m
[35m[HTTP][39m [37m-->[39m [37mGET[39m [37m/wd/hub/session/3cc5f5ed-bad3-4837-85fa-b5c4ca2a9ea2/source[39m
[35m[HTTP][39m [90m{}[39m
[35m[W3C (3cc5f5ed)][39m Driver proxy active, passing request on via HTTP proxy
[35m[WD Proxy][39m Replacing sessionId ff82fd29-8d08-4c5b-9f9e-ee588a5ce5fd with 3cc5f5ed-bad3-4837-85fa-b5c4ca2a9ea2
[35m[HTTP][39m [37m<-- GET /wd/hub/session/3cc5f5ed-bad3-4837-85fa-b5c4ca2a9ea2/source [39m[32m200[39m [90m30 ms - 7375[39m
[35m[HTTP][39m [90m[39m
[35m[HTTP][39m [37m-->[39m [37mGET[39m [37m/wd/hub/session/3cc5f5ed-bad3-4837-85fa-b5c4ca2a9ea2/screenshot[39m
[35m[HTTP][39m [90m{}[39m
[35m[HTTP][39m [37m<-- GET /wd/hub/session/3cc5f5ed-bad3-4837-85fa-b5c4ca2a9ea2/screenshot [39m[32m200[39m [90m304 ms - 453952[39m
[35m[HTTP][39m [90m[39m
[35m[HTTP][39m [37m-->[39m [37mPOST[39m [37m/wd/hub/session/3cc5f5ed-bad3-4837-85fa-b5c4ca2a9ea2/elements[39m
[35m[HTTP][39m [90m{"using":"xpath","value":"//*[@class = 'android.view.View' and @resource-id = '' and (@text = '' or . = '')]"}[39m
[35m[HTTP][39m [37m<-- POST /wd/hub/session/3cc5f5ed-bad3-4837-85fa-b5c4ca2a9ea2/elements [39m[32m200[39m [90m40 ms - 1291[39m
[35m[HTTP][39m [90m[39m
[35m[HTTP][39m [37m-->[39m [37mPOST[39m [37m/wd/hub/session/3cc5f5ed-bad3-4837-85fa-b5c4ca2a9ea2/elements[39m
[35m[HTTP][39m [90m{"using":"accessibility id","value":"Belum Bayar\nTab 1 of 2"}[39m
[35m[HTTP][39m [37m<-- POST /wd/hub/session/3cc5f5ed-bad3-4837-85fa-b5c4ca2a9ea2/elements [39m[32m200[39m [90m18 ms - 139[39m
[35m[HTTP][39m [90m[39m
[35m[HTTP][39m [37m-->[39m [37mPOST[39m [37m/wd/hub/session/3cc5f5ed-bad3-4837-85fa-b5c4ca2a9ea2/elements[39m
[35m[HTTP][39m [90m{"using":"xpath","value":"//*[@class = 'android.view.View' and @resource-id = '' and (@text = '' or . = '')]"}[39m
[35m[HTTP][39m [37m<-- POST /wd/hub/session/3cc5f5ed-bad3-4837-85fa-b5c4ca2a9ea2/elements [39m[32m200[39m [90m36 ms - 1291[39m
[35m[HTTP][39m [90m[39m
[35m[HTTP][39m [37m-->[39m [37mPOST[39m [37m/wd/hub/session/3cc5f5ed-bad3-4837-85fa-b5c4ca2a9ea2/elements[39m
[35m[HTTP][39m [90m{"using":"-android uiautomator","value":"new UiSelector().className(\"android.view.View\").resourceId(\"\")"}[39m
[35m[HTTP][39m [37m<-- POST /wd/hub/session/3cc5f5ed-bad3-4837-85fa-b5c4ca2a9ea2/elements [39m[32m200[39m [90m61 ms - 1291[39m
[35m[HTTP][39m [90m[39m
[35m[HTTP][39m [37m-->[39m [37mGET[39m [37m/wd/hub/session/3cc5f5ed-bad3-4837-85fa-b5c4ca2a9ea2/source[39m
[35m[HTTP][39m [90m{}[39m
[35m[W3C (3cc5f5ed)][39m Driver proxy active, passing request on via HTTP proxy
[35m[WD Proxy][39m Replacing sessionId ff82fd29-8d08-4c5b-9f9e-ee588a5ce5fd with 3cc5f5ed-bad3-4837-85fa-b5c4ca2a9ea2
[35m[HTTP][39m [37m<-- GET /wd/hub/session/3cc5f5ed-bad3-4837-85fa-b5c4ca2a9ea2/source [39m[32m200[39m [90m37 ms - 7375[39m
[35m[HTTP][39m [90m[39m
[35m[HTTP][39m [37m-->[39m [37mGET[39m [37m/wd/hub/session/3cc5f5ed-bad3-4837-85fa-b5c4ca2a9ea2/screenshot[39m
[35m[HTTP][39m [90m{}[39m
[35m[HTTP][39m [37m<-- GET /wd/hub/session/3cc5f5ed-bad3-4837-85fa-b5c4ca2a9ea2/screenshot [39m[32m200[39m [90m287 ms - 454104[39m
[35m[HTTP][39m [90m[39m
[35m[HTTP][39m [37m-->[39m [37mPOST[39m [37m/wd/hub/session/3cc5f5ed-bad3-4837-85fa-b5c4ca2a9ea2/elements[39m
[35m[HTTP][39m [90m{"using":"xpath","value":"//*[@class = 'android.view.View' and @resource-id = '' and (@text = '' or . = '')]"}[39m
[35m[HTTP][39m [37m<-- POST /wd/hub/session/3cc5f5ed-bad3-4837-85fa-b5c4ca2a9ea2/elements [39m[32m200[39m [90m33 ms - 1291[39m
[35m[HTTP][39m [90m[39m
[35m[HTTP][39m [37m-->[39m [37mPOST[39m [37m/wd/hub/session/3cc5f5ed-bad3-4837-85fa-b5c4ca2a9ea2/elements[39m
[35m[HTTP][39m [90m{"using":"accessibility id","value":"Selesai\nTab 2 of 2"}[39m
[35m[HTTP][39m [37m<-- POST /wd/hub/session/3cc5f5ed-bad3-4837-85fa-b5c4ca2a9ea2/elements [39m[32m200[39m [90m15 ms - 139[39m
[35m[HTTP][39m [90m[39m
[35m[HTTP][39m [37m-->[39m [37mPOST[39m [37m/wd/hub/session/3cc5f5ed-bad3-4837-85fa-b5c4ca2a9ea2/elements[39m
[35m[HTTP][39m [90m{"using":"xpath","value":"//*[@class = 'android.widget.Button' and @resource-id = '' and (@text = '' or . = '')]"}[39m
[35m[HTTP][39m [37m<-- POST /wd/hub/session/3cc5f5ed-bad3-4837-85fa-b5c4ca2a9ea2/elements [39m[32m200[39m [90m27 ms - 139[39m
[35m[HTTP][39m [90m[39m
[35m[HTTP][39m [37m-->[39m [37mGET[39m [37m/wd/hub/session/3cc5f5ed-bad3-4837-85fa-b5c4ca2a9ea2/source[39m
[35m[HTTP][39m [90m{}[39m
[35m[W3C (3cc5f5ed)][39m Driver proxy active, passing request on via HTTP proxy
[35m[WD Proxy][39m Replacing sessionId ff82fd29-8d08-4c5b-9f9e-ee588a5ce5fd with 3cc5f5ed-bad3-4837-85fa-b5c4ca2a9ea2
[35m[HTTP][39m [37m<-- GET /wd/hub/session/3cc5f5ed-bad3-4837-85fa-b5c4ca2a9ea2/source [39m[32m200[39m [90m31 ms - 9757[39m
[35m[HTTP][39m [90m[39m
[35m[HTTP][39m [37m-->[39m [37mGET[39m [37m/wd/hub/session/3cc5f5ed-bad3-4837-85fa-b5c4ca2a9ea2/screenshot[39m
[35m[HTTP][39m [90m{}[39m
[35m[HTTP][39m [37m<-- GET /wd/hub/session/3cc5f5ed-bad3-4837-85fa-b5c4ca2a9ea2/screenshot [39m[32m200[39m [90m225 ms - 202896[39m
[35m[HTTP][39m [90m[39m
[35m[HTTP][39m [37m-->[39m [37mPOST[39m [37m/wd/hub/session/3cc5f5ed-bad3-4837-85fa-b5c4ca2a9ea2/elements[39m
[35m[HTTP][39m [90m{"using":"xpath","value":"//*[@class = 'android.widget.Button' and @resource-id = '' and (@text = '' or . = '')]"}[39m
[35m[HTTP][39m [37m<-- POST /wd/hub/session/3cc5f5ed-bad3-4837-85fa-b5c4ca2a9ea2/elements [39m[32m200[39m [90m32 ms - 907[39m
[35m[HTTP][39m [90m[39m
[35m[HTTP][39m [37m-->[39m [37mPOST[39m [37m/wd/hub/session/3cc5f5ed-bad3-4837-85fa-b5c4ca2a9ea2/elements[39m
[35m[HTTP][39m [90m{"using":"-android uiautomator","value":"new UiSelector().className(\"android.widget.Button\").resourceId(\"\")"}[39m
[35m[HTTP][39m [37m<-- POST /wd/hub/session/3cc5f5ed-bad3-4837-85fa-b5c4ca2a9ea2/elements [39m[32m200[39m [90m43 ms - 907[39m
[35m[HTTP][39m [90m[39m
[35m[HTTP][39m [37m-->[39m [37mGET[39m [37m/wd/hub/session/3cc5f5ed-bad3-4837-85fa-b5c4ca2a9ea2/source[39m
[35m[HTTP][39m [90m{}[39m
[35m[W3C (3cc5f5ed)][39m Driver proxy active, passing request on via HTTP proxy
[35m[WD Proxy][39m Replacing sessionId ff82fd29-8d08-4c5b-9f9e-ee588a5ce5fd with 3cc5f5ed-bad3-4837-85fa-b5c4ca2a9ea2
[35m[HTTP][39m [37m<-- GET /wd/hub/session/3cc5f5ed-bad3-4837-85fa-b5c4ca2a9ea2/source [39m[32m200[39m [90m74 ms - 16360[39m
[35m[HTTP][39m [90m[39m
[35m[HTTP][39m [37m-->[39m [37mGET[39m [37m/wd/hub/session/3cc5f5ed-bad3-4837-85fa-b5c4ca2a9ea2/screenshot[39m
[35m[HTTP][39m [90m{}[39m
[35m[HTTP][39m [37m<-- GET /wd/hub/session/3cc5f5ed-bad3-4837-85fa-b5c4ca2a9ea2/screenshot [39m[32m200[39m [90m278 ms - 479828[39m
[35m[HTTP][39m [90m[39m
[35m[HTTP][39m [37m-->[39m [37mGET[39m [37m/wd/hub/session/3cc5f5ed-bad3-4837-85fa-b5c4ca2a9ea2/source[39m
[35m[HTTP][39m [90m{}[39m
[35m[W3C (3cc5f5ed)][39m Driver proxy active, passing request on via HTTP proxy
[35m[WD Proxy][39m Replacing sessionId ff82fd29-8d08-4c5b-9f9e-ee588a5ce5fd with 3cc5f5ed-bad3-4837-85fa-b5c4ca2a9ea2
[35m[HTTP][39m [37m<-- GET /wd/hub/session/3cc5f5ed-bad3-4837-85fa-b5c4ca2a9ea2/source [39m[32m200[39m [90m37 ms - 9758[39m
[35m[HTTP][39m [90m[39m
[35m[HTTP][39m [37m-->[39m [37mGET[39m [37m/wd/hub/session/3cc5f5ed-bad3-4837-85fa-b5c4ca2a9ea2/screenshot[39m
[35m[HTTP][39m [90m{}[39m
[35m[HTTP][39m [37m<-- GET /wd/hub/session/3cc5f5ed-bad3-4837-85fa-b5c4ca2a9ea2/screenshot [39m[32m200[39m [90m213 ms - 203364[39m
[35m[HTTP][39m [90m[39m
[35m[HTTP][39m [37m-->[39m [37mPOST[39m [37m/wd/hub/session/3cc5f5ed-bad3-4837-85fa-b5c4ca2a9ea2/elements[39m
[35m[HTTP][39m [90m{"using":"xpath","value":"//*[@class = 'android.view.View' and @resource-id = '' and (@text = '' or . = '')]"}[39m
[35m[HTTP][39m [37m<-- POST /wd/hub/session/3cc5f5ed-bad3-4837-85fa-b5c4ca2a9ea2/elements [39m[32m200[39m [90m38 ms - 1163[39m
[35m[HTTP][39m [90m[39m
[35m[HTTP][39m [37m-->[39m [37mPOST[39m [37m/wd/hub/session/3cc5f5ed-bad3-4837-85fa-b5c4ca2a9ea2/elements[39m
[35m[HTTP][39m [90m{"using":"accessibility id","value":"Membership"}[39m
[35m[HTTP][39m [37m<-- POST /wd/hub/session/3cc5f5ed-bad3-4837-85fa-b5c4ca2a9ea2/elements [39m[32m200[39m [90m23 ms - 139[39m
[35m[HTTP][39m [90m[39m
[35m[HTTP][39m [37m-->[39m [37mPOST[39m [37m/wd/hub/session/3cc5f5ed-bad3-4837-85fa-b5c4ca2a9ea2/elements[39m
[35m[HTTP][39m [90m{"using":"xpath","value":"//*[@class = 'android.widget.Button' and @resource-id = '' and (@text = '' or . = '')]"}[39m
[35m[HTTP][39m [37m<-- POST /wd/hub/session/3cc5f5ed-bad3-4837-85fa-b5c4ca2a9ea2/elements [39m[32m200[39m [90m48 ms - 907[39m
[35m[HTTP][39m [90m[39m
[35m[HTTP][39m [37m-->[39m [37mPOST[39m [37m/wd/hub/session/3cc5f5ed-bad3-4837-85fa-b5c4ca2a9ea2/elements[39m
[35m[HTTP][39m [90m{"using":"accessibility id","value":"1 Month \n \n Rp. 100.000"}[39m
[35m[HTTP][39m [37m<-- POST /wd/hub/session/3cc5f5ed-bad3-4837-85fa-b5c4ca2a9ea2/elements [39m[32m200[39m [90m15 ms - 139[39m
[35m[HTTP][39m [90m[39m
[35m[HTTP][39m [37m-->[39m [37mPOST[39m [37m/wd/hub/session/3cc5f5ed-bad3-4837-85fa-b5c4ca2a9ea2/elements[39m
[35m[HTTP][39m [90m{"using":"xpath","value":"//*[@class = 'android.widget.Button' and @resource-id = '' and (@text = '' or . = '')]"}[39m
[35m[HTTP][39m [37m<-- POST /wd/hub/session/3cc5f5ed-bad3-4837-85fa-b5c4ca2a9ea2/elements [39m[32m200[39m [90m39 ms - 907[39m
[35m[HTTP][39m [90m[39m
[35m[HTTP][39m [37m-->[39m [37mPOST[39m [37m/wd/hub/session/3cc5f5ed-bad3-4837-85fa-b5c4ca2a9ea2/elements[39m
[35m[HTTP][39m [90m{"using":"accessibility id","value":"4 Month \n \n Rp. 400.000"}[39m
[35m[HTTP][39m [37m<-- POST /wd/hub/session/3cc5f5ed-bad3-4837-85fa-b5c4ca2a9ea2/elements [39m[32m200[39m [90m13 ms - 139[39m
[35m[HTTP][39m [90m[39m
[35m[HTTP][39m [37m-->[39m [37mPOST[39m [37m/wd/hub/session/3cc5f5ed-bad3-4837-85fa-b5c4ca2a9ea2/elements[39m
[35m[HTTP][39m [90m{"using":"xpath","value":"//*[@class = 'android.widget.Button' and @resource-id = '' and (@text = '' or . = '')]"}[39m
[35m[HTTP][39m [37m<-- POST /wd/hub/session/3cc5f5ed-bad3-4837-85fa-b5c4ca2a9ea2/elements [39m[32m200[39m [90m41 ms - 907[39m
[35m[HTTP][39m [90m[39m
[35m[HTTP][39m [37m-->[39m [37mPOST[39m [37m/wd/hub/session/3cc5f5ed-bad3-4837-85fa-b5c4ca2a9ea2/elements[39m
[35m[HTTP][39m [90m{"using":"accessibility id","value":"8 Month \n \n Rp. 800.000"}[39m
[35m[HTTP][39m [37m<-- POST /wd/hub/session/3cc5f5ed-bad3-4837-85fa-b5c4ca2a9ea2/elements [39m[32m200[39m [90m17 ms - 139[39m
[35m[HTTP][39m [90m[39m
[35m[HTTP][39m [37m-->[39m [37mPOST[39m [37m/wd/hub/session/3cc5f5ed-bad3-4837-85fa-b5c4ca2a9ea2/elements[39m
[35m[HTTP][39m [90m{"using":"xpath","value":"//*[@class = 'android.widget.Button' and @resource-id = '' and (@text = '' or . = '')]"}[39m
[35m[HTTP][39m [37m<-- POST /wd/hub/session/3cc5f5ed-bad3-4837-85fa-b5c4ca2a9ea2/elements [39m[32m200[39m [90m39 ms - 907[39m
[35m[HTTP][39m [90m[39m
[35m[HTTP][39m [37m-->[39m [37mPOST[39m [37m/wd/hub/session/3cc5f5ed-bad3-4837-85fa-b5c4ca2a9ea2/elements[39m
[35m[HTTP][39m [90m{"using":"accessibility id","value":"Next"}[39m
[35m[HTTP][39m [37m<-- POST /wd/hub/session/3cc5f5ed-bad3-4837-85fa-b5c4ca2a9ea2/elements [39m[32m200[39m [90m15 ms - 139[39m
[35m[HTTP][39m [90m[39m
[35m[HTTP][39m [37m-->[39m [37mGET[39m [37m/wd/hub/session/3cc5f5ed-bad3-4837-85fa-b5c4ca2a9ea2/source[39m
[35m[HTTP][39m [90m{}[39m
[35m[W3C (3cc5f5ed)][39m Driver proxy active, passing request on via HTTP proxy
[35m[WD Proxy][39m Replacing sessionId ff82fd29-8d08-4c5b-9f9e-ee588a5ce5fd with 3cc5f5ed-bad3-4837-85fa-b5c4ca2a9ea2
[35m[HTTP][39m [37m<-- GET /wd/hub/session/3cc5f5ed-bad3-4837-85fa-b5c4ca2a9ea2/source [39m[32m200[39m [90m54 ms - 9712[39m
[35m[HTTP][39m [90m[39m
[35m[HTTP][39m [37m-->[39m [37mGET[39m [37m/wd/hub/session/3cc5f5ed-bad3-4837-85fa-b5c4ca2a9ea2/screenshot[39m
[35m[HTTP][39m [90m{}[39m
[35m[HTTP][39m [37m<-- GET /wd/hub/session/3cc5f5ed-bad3-4837-85fa-b5c4ca2a9ea2/screenshot [39m[32m200[39m [90m230 ms - 134514[39m
[35m[HTTP][39m [90m[39m
[35m[HTTP][39m [37m-->[39m [37mPOST[39m [37m/wd/hub/session/3cc5f5ed-bad3-4837-85fa-b5c4ca2a9ea2/elements[39m
[35m[HTTP][39m [90m{"using":"xpath","value":"//*[@class = 'android.widget.EditText' and (@text = 'dd/mm/yyyy' or . = 'dd/mm/yyyy') and @resource-id = '']"}[39m
[35m[HTTP][39m [37m<-- POST /wd/hub/session/3cc5f5ed-bad3-4837-85fa-b5c4ca2a9ea2/elements [39m[32m200[39m [90m37 ms - 139[39m
[35m[HTTP][39m [90m[39m
[35m[HTTP][39m [37m-->[39m [37mPOST[39m [37m/wd/hub/session/3cc5f5ed-bad3-4837-85fa-b5c4ca2a9ea2/elements[39m
[35m[HTTP][39m [90m{"using":"xpath","value":"//*[@class = 'android.widget.Button' and @resource-id = '' and (@text = '' or . = '')]"}[39m
[35m[HTTP][39m [37m<-- POST /wd/hub/session/3cc5f5ed-bad3-4837-85fa-b5c4ca2a9ea2/elements [39m[32m200[39m [90m36 ms - 651[39m
[35m[HTTP][39m [90m[39m
[35m[HTTP][39m [37m-->[39m [37mPOST[39m [37m/wd/hub/session/3cc5f5ed-bad3-4837-85fa-b5c4ca2a9ea2/elements[39m
[35m[HTTP][39m [90m{"using":"accessibility id","value":"Unlimited Radio Class\n+ 45.000 / month"}[39m
[35m[HTTP][39m [37m<-- POST /wd/hub/session/3cc5f5ed-bad3-4837-85fa-b5c4ca2a9ea2/elements [39m[32m200[39m [90m14 ms - 139[39m
[35m[HTTP][39m [90m[39m
[35m[HTTP][39m [37m-->[39m [37mGET[39m [37m/wd/hub/session/3cc5f5ed-bad3-4837-85fa-b5c4ca2a9ea2/source[39m
[35m[HTTP][39m [90m{}[39m
[35m[W3C (3cc5f5ed)][39m Driver proxy active, passing request on via HTTP proxy
[35m[WD Proxy][39m Replacing sessionId ff82fd29-8d08-4c5b-9f9e-ee588a5ce5fd with 3cc5f5ed-bad3-4837-85fa-b5c4ca2a9ea2
[35m[HTTP][39m [37m<-- GET /wd/hub/session/3cc5f5ed-bad3-4837-85fa-b5c4ca2a9ea2/source [39m[32m200[39m [90m54 ms - 10323[39m
[35m[HTTP][39m [90m[39m
[35m[HTTP][39m [37m-->[39m [37mGET[39m [37m/wd/hub/session/3cc5f5ed-bad3-4837-85fa-b5c4ca2a9ea2/screenshot[39m
[35m[HTTP][39m [90m{}[39m
[35m[HTTP][39m [37m<-- GET /wd/hub/session/3cc5f5ed-bad3-4837-85fa-b5c4ca2a9ea2/screenshot [39m[32m200[39m [90m209 ms - 117342[39m
[35m[HTTP][39m [90m[39m
[35m[HTTP][39m [37m-->[39m [37mPOST[39m [37m/wd/hub/session/3cc5f5ed-bad3-4837-85fa-b5c4ca2a9ea2/elements[39m
[35m[HTTP][39m [90m{"using":"xpath","value":"//*[@class = 'android.widget.EditText' and (@text = 'No KTP' or . = 'No KTP') and @resource-id = '']"}[39m
[35m[HTTP][39m [37m<-- POST /wd/hub/session/3cc5f5ed-bad3-4837-85fa-b5c4ca2a9ea2/elements [39m[32m200[39m [90m35 ms - 139[39m
[35m[HTTP][39m [90m[39m
[35m[HTTP][39m [37m-->[39m [37mPOST[39m [37m/wd/hub/session/3cc5f5ed-bad3-4837-85fa-b5c4ca2a9ea2/elements[39m
[35m[HTTP][39m [90m{"using":"xpath","value":"//*[@class = 'android.widget.EditText' and (@text = 'Nama Lengkap' or . = 'Nama Lengkap') and @resource-id = '']"}[39m
[35m[HTTP][39m [37m<-- POST /wd/hub/session/3cc5f5ed-bad3-4837-85fa-b5c4ca2a9ea2/elements [39m[32m200[39m [90m29 ms - 139[39m
[35m[HTTP][39m [90m[39m
[35m[HTTP][39m [37m-->[39m [37mPOST[39m [37m/wd/hub/session/3cc5f5ed-bad3-4837-85fa-b5c4ca2a9ea2/elements[39m
[35m[HTTP][39m [90m{"using":"xpath","value":"//*[@class = 'android.widget.Button' and @resource-id = '' and (@text = '' or . = '')]"}[39m
[35m[HTTP][39m [37m<-- POST /wd/hub/session/3cc5f5ed-bad3-4837-85fa-b5c4ca2a9ea2/elements [39m[32m200[39m [90m39 ms - 395[39m
[35m[HTTP][39m [90m[39m
[35m[HTTP][39m [37m-->[39m [37mPOST[39m [37m/wd/hub/session/3cc5f5ed-bad3-4837-85fa-b5c4ca2a9ea2/elements[39m
[35m[HTTP][39m [90m{"using":"accessibility id","value":"Gender"}[39m
[35m[HTTP][39m [37m<-- POST /wd/hub/session/3cc5f5ed-bad3-4837-85fa-b5c4ca2a9ea2/elements [39m[32m200[39m [90m11 ms - 139[39m
[35m[HTTP][39m [90m[39m
[35m[HTTP][39m [37m-->[39m [37mGET[39m [37m/wd/hub/session/3cc5f5ed-bad3-4837-85fa-b5c4ca2a9ea2/source[39m
[35m[HTTP][39m [90m{}[39m
[35m[W3C (3cc5f5ed)][39m Driver proxy active, passing request on via HTTP proxy
[35m[WD Proxy][39m Replacing sessionId ff82fd29-8d08-4c5b-9f9e-ee588a5ce5fd with 3cc5f5ed-bad3-4837-85fa-b5c4ca2a9ea2
[35m[HTTP][39m [37m<-- GET /wd/hub/session/3cc5f5ed-bad3-4837-85fa-b5c4ca2a9ea2/source [39m[32m200[39m [90m27 ms - 5931[39m
[35m[HTTP][39m [90m[39m
[35m[HTTP][39m [37m-->[39m [37mGET[39m [37m/wd/hub/session/3cc5f5ed-bad3-4837-85fa-b5c4ca2a9ea2/screenshot[39m
[35m[HTTP][39m [90m{}[39m
[35m[HTTP][39m [37m<-- GET /wd/hub/session/3cc5f5ed-bad3-4837-85fa-b5c4ca2a9ea2/screenshot [39m[32m200[39m [90m244 ms - 129628[39m
[35m[HTTP][39m [90m[39m
[35m[HTTP][39m [37m-->[39m [37mPOST[39m [37m/wd/hub/session/3cc5f5ed-bad3-4837-85fa-b5c4ca2a9ea2/elements[39m
[35m[HTTP][39m [90m{"using":"xpath","value":"//*[@class = 'android.view.View' and @resource-id = '' and (@text = '' or . = '')]"}[39m
[35m[HTTP][39m [37m<-- POST /wd/hub/session/3cc5f5ed-bad3-4837-85fa-b5c4ca2a9ea2/elements [39m[32m200[39m [90m30 ms - 1163[39m
[35m[HTTP][39m [90m[39m
[35m[HTTP][39m [37m-->[39m [37mPOST[39m [37m/wd/hub/session/3cc5f5ed-bad3-4837-85fa-b5c4ca2a9ea2/elements[39m
[35m[HTTP][39m [90m{"using":"accessibility id","value":"laki-laki"}[39m
[35m[HTTP][39m [37m<-- POST /wd/hub/session/3cc5f5ed-bad3-4837-85fa-b5c4ca2a9ea2/elements [39m[32m200[39m [90m12 ms - 139[39m
[35m[HTTP][39m [90m[39m
[35m[HTTP][39m [37m-->[39m [37mPOST[39m [37m/wd/hub/session/3cc5f5ed-bad3-4837-85fa-b5c4ca2a9ea2/elements[39m
[35m[HTTP][39m [90m{"using":"xpath","value":"//*[@class = 'android.view.View' and @resource-id = '' and (@text = '' or . = '')]"}[39m
[35m[HTTP][39m [37m<-- POST /wd/hub/session/3cc5f5ed-bad3-4837-85fa-b5c4ca2a9ea2/elements [39m[32m200[39m [90m38 ms - 1163[39m
[35m[HTTP][39m [90m[39m
[35m[HTTP][39m [37m-->[39m [37mPOST[39m [37m/wd/hub/session/3cc5f5ed-bad3-4837-85fa-b5c4ca2a9ea2/elements[39m
[35m[HTTP][39m [90m{"using":"accessibility id","value":"perempuan"}[39m
[35m[HTTP][39m [37m<-- POST /wd/hub/session/3cc5f5ed-bad3-4837-85fa-b5c4ca2a9ea2/elements [39m[32m200[39m [90m12 ms - 139[39m
[35m[HTTP][39m [90m[39m
[35m[HTTP][39m [37m-->[39m [37mGET[39m [37m/wd/hub/session/3cc5f5ed-bad3-4837-85fa-b5c4ca2a9ea2/source[39m
[35m[HTTP][39m [90m{}[39m
[35m[W3C (3cc5f5ed)][39m Driver proxy active, passing request on via HTTP proxy
[35m[WD Proxy][39m Replacing sessionId ff82fd29-8d08-4c5b-9f9e-ee588a5ce5fd with 3cc5f5ed-bad3-4837-85fa-b5c4ca2a9ea2
[35m[HTTP][39m [37m<-- GET /wd/hub/session/3cc5f5ed-bad3-4837-85fa-b5c4ca2a9ea2/source [39m[32m200[39m [90m50 ms - 10323[39m
[35m[HTTP][39m [90m[39m
[35m[HTTP][39m [37m-->[39m [37mGET[39m [37m/wd/hub/session/3cc5f5ed-bad3-4837-85fa-b5c4ca2a9ea2/screenshot[39m
[35m[HTTP][39m [90m{}[39m
[35m[HTTP][39m [37m<-- GET /wd/hub/session/3cc5f5ed-bad3-4837-85fa-b5c4ca2a9ea2/screenshot [39m[32m200[39m [90m216 ms - 117178[39m
[35m[HTTP][39m [90m[39m
[35m[HTTP][39m [37m-->[39m [37mPOST[39m [37m/wd/hub/session/3cc5f5ed-bad3-4837-85fa-b5c4ca2a9ea2/elements[39m
[35m[HTTP][39m [90m{"using":"xpath","value":"//*[@class = 'android.widget.EditText' and (@text = 'Alamat Lengkap' or . = 'Alamat Lengkap') and @resource-id = '']"}[39m
[35m[HTTP][39m [37m<-- POST /wd/hub/session/3cc5f5ed-bad3-4837-85fa-b5c4ca2a9ea2/elements [39m[32m200[39m [90m36 ms - 139[39m
[35m[HTTP][39m [90m[39m
[35m[HTTP][39m [37m-->[39m [37mPOST[39m [37m/wd/hub/session/3cc5f5ed-bad3-4837-85fa-b5c4ca2a9ea2/elements[39m
[35m[HTTP][39m [90m{"using":"xpath","value":"//*[@class = 'android.widget.EditText' and (@text = 'Kota' or . = 'Kota') and @resource-id = '']"}[39m
[35m[HTTP][39m [37m<-- POST /wd/hub/session/3cc5f5ed-bad3-4837-85fa-b5c4ca2a9ea2/elements [39m[32m200[39m [90m30 ms - 139[39m
[35m[HTTP][39m [90m[39m
[35m[HTTP][39m [37m-->[39m [37mPOST[39m [37m/wd/hub/session/3cc5f5ed-bad3-4837-85fa-b5c4ca2a9ea2/elements[39m
[35m[HTTP][39m [90m{"using":"xpath","value":"//*[@class = 'android.widget.EditText' and (@text = 'Kode Pos' or . = 'Kode Pos') and @resource-id = '']"}[39m
[35m[HTTP][39m [37m<-- POST /wd/hub/session/3cc5f5ed-bad3-4837-85fa-b5c4ca2a9ea2/elements [39m[32m200[39m [90m35 ms - 139[39m
[35m[HTTP][39m [90m[39m
[35m[HTTP][39m [37m-->[39m [37mPOST[39m [37m/wd/hub/session/3cc5f5ed-bad3-4837-85fa-b5c4ca2a9ea2/elements[39m
[35m[HTTP][39m [90m{"using":"xpath","value":"//*[@class = 'android.widget.EditText' and (@text = 'Email' or . = 'Email') and @resource-id = '']"}[39m
[35m[HTTP][39m [37m<-- POST /wd/hub/session/3cc5f5ed-bad3-4837-85fa-b5c4ca2a9ea2/elements [39m[32m200[39m [90m30 ms - 139[39m
[35m[HTTP][39m [90m[39m
[35m[HTTP][39m [37m-->[39m [37mPOST[39m [37m/wd/hub/session/3cc5f5ed-bad3-4837-85fa-b5c4ca2a9ea2/elements[39m
[35m[HTTP][39m [90m{"using":"xpath","value":"//*[@class = 'android.widget.EditText' and (@text = 'No HP eg. 08xxxxxxxx' or . = 'No HP eg. 08xxxxxxxx') and @resource-id = '']"}[39m
[35m[HTTP][39m [37m<-- POST /wd/hub/session/3cc5f5ed-bad3-4837-85fa-b5c4ca2a9ea2/elements [39m[32m200[39m [90m35 ms - 139[39m
[35m[HTTP][39m [90m[39m
[35m[HTTP][39m [37m-->[39m [37mPOST[39m [37m/wd/hub/session/3cc5f5ed-bad3-4837-85fa-b5c4ca2a9ea2/elements[39m
[35m[HTTP][39m [90m{"using":"xpath","value":"//*[@class = 'android.widget.Button' and @resource-id = '' and (@text = '' or . = '')]"}[39m
[35m[HTTP][39m [37m<-- POST /wd/hub/session/3cc5f5ed-bad3-4837-85fa-b5c4ca2a9ea2/elements [39m[32m200[39m [90m35 ms - 395[39m
[35m[HTTP][39m [90m[39m
[35m[HTTP][39m [37m-->[39m [37mPOST[39m [37m/wd/hub/session/3cc5f5ed-bad3-4837-85fa-b5c4ca2a9ea2/elements[39m
[35m[HTTP][39m [90m{"using":"accessibility id","value":"Next"}[39m
[35m[HTTP][39m [37m<-- POST /wd/hub/session/3cc5f5ed-bad3-4837-85fa-b5c4ca2a9ea2/elements [39m[32m200[39m [90m18 ms - 139[39m
[35m[HTTP][39m [90m[39m
[35m[HTTP][39m [37m-->[39m [37mGET[39m [37m/wd/hub/session/3cc5f5ed-bad3-4837-85fa-b5c4ca2a9ea2/source[39m
[35m[HTTP][39m [90m{}[39m
[35m[W3C (3cc5f5ed)][39m Driver proxy active, passing request on via HTTP proxy
[35m[WD Proxy][39m Replacing sessionId ff82fd29-8d08-4c5b-9f9e-ee588a5ce5fd with 3cc5f5ed-bad3-4837-85fa-b5c4ca2a9ea2
[35m[HTTP][39m [37m<-- GET /wd/hub/session/3cc5f5ed-bad3-4837-85fa-b5c4ca2a9ea2/source [39m[32m200[39m [90m43 ms - 13474[39m
[35m[HTTP][39m [90m[39m
[35m[HTTP][39m [37m-->[39m [37mGET[39m [37m/wd/hub/session/3cc5f5ed-bad3-4837-85fa-b5c4ca2a9ea2/screenshot[39m
[35m[HTTP][39m [90m{}[39m
[35m[HTTP][39m [37m<-- GET /wd/hub/session/3cc5f5ed-bad3-4837-85fa-b5c4ca2a9ea2/screenshot [39m[32m200[39m [90m216 ms - 140344[39m
[35m[HTTP][39m [90m[39m
[35m[HTTP][39m [37m-->[39m [37mPOST[39m [37m/wd/hub/session/3cc5f5ed-bad3-4837-85fa-b5c4ca2a9ea2/elements[39m
[35m[HTTP][39m [90m{"using":"xpath","value":"//*[@class = 'android.view.View' and @resource-id = '' and (@text = '' or . = '')]"}[39m
[35m[HTTP][39m [37m<-- POST /wd/hub/session/3cc5f5ed-bad3-4837-85fa-b5c4ca2a9ea2/elements [39m[32m200[39m [90m43 ms - 2827[39m
[35m[HTTP][39m [90m[39m
[35m[HTTP][39m [37m-->[39m [37mPOST[39m [37m/wd/hub/session/3cc5f5ed-bad3-4837-85fa-b5c4ca2a9ea2/elements[39m
[35m[HTTP][39m [90m{"using":"accessibility id","value":"Total Payment"}[39m
[35m[HTTP][39m [37m<-- POST /wd/hub/session/3cc5f5ed-bad3-4837-85fa-b5c4ca2a9ea2/elements [39m[32m200[39m [90m11 ms - 139[39m
[35m[HTTP][39m [90m[39m
[35m[HTTP][39m [37m-->[39m [37mPOST[39m [37m/wd/hub/session/3cc5f5ed-bad3-4837-85fa-b5c4ca2a9ea2/elements[39m
[35m[HTTP][39m [90m{"using":"xpath","value":"//*[@class = 'android.widget.Button' and @resource-id = '' and (@text = '' or . = '')]"}[39m
[35m[HTTP][39m [37m<-- POST /wd/hub/session/3cc5f5ed-bad3-4837-85fa-b5c4ca2a9ea2/elements [39m[32m200[39m [90m31 ms - 267[39m
[35m[HTTP][39m [90m[39m
[35m[HTTP][39m [37m-->[39m [37mPOST[39m [37m/wd/hub/session/3cc5f5ed-bad3-4837-85fa-b5c4ca2a9ea2/elements[39m
[35m[HTTP][39m [90m{"using":"accessibility id","value":"Confirm"}[39m
[35m[HTTP][39m [37m<-- POST /wd/hub/session/3cc5f5ed-bad3-4837-85fa-b5c4ca2a9ea2/elements [39m[32m200[39m [90m12 ms - 139[39m
[35m[HTTP][39m [90m[39m
[35m[HTTP][39m [37m-->[39m [37mGET[39m [37m/wd/hub/session/3cc5f5ed-bad3-4837-85fa-b5c4ca2a9ea2/source[39m
[35m[HTTP][39m [90m{}[39m
[35m[W3C (3cc5f5ed)][39m Driver proxy active, passing request on via HTTP proxy
[35m[WD Proxy][39m Replacing sessionId ff82fd29-8d08-4c5b-9f9e-ee588a5ce5fd with 3cc5f5ed-bad3-4837-85fa-b5c4ca2a9ea2
[35m[HTTP][39m [37m<-- GET /wd/hub/session/3cc5f5ed-bad3-4837-85fa-b5c4ca2a9ea2/source [39m[32m200[39m [90m68 ms - 12245[39m
[35m[HTTP][39m [90m[39m
[35m[HTTP][39m [37m-->[39m [37mGET[39m [37m/wd/hub/session/3cc5f5ed-bad3-4837-85fa-b5c4ca2a9ea2/screenshot[39m
[35m[HTTP][39m [90m{}[39m
[35m[HTTP][39m [37m<-- GET /wd/hub/session/3cc5f5ed-bad3-4837-85fa-b5c4ca2a9ea2/screenshot [39m[32m200[39m [90m226 ms - 181830[39m
[35m[HTTP][39m [90m[39m
[35m[HTTP][39m [37m-->[39m [37mPOST[39m [37m/wd/hub/session/3cc5f5ed-bad3-4837-85fa-b5c4ca2a9ea2/elements[39m
[35m[HTTP][39m [90m{"using":"xpath","value":"//*[@class = 'android.widget.Button' and @resource-id = '' and (@text = '' or . = '')]"}[39m
[35m[HTTP][39m [37m<-- POST /wd/hub/session/3cc5f5ed-bad3-4837-85fa-b5c4ca2a9ea2/elements [39m[32m200[39m [90m32 ms - 267[39m
[35m[HTTP][39m [90m[39m
[35m[HTTP][39m [37m-->[39m [37mPOST[39m [37m/wd/hub/session/3cc5f5ed-bad3-4837-85fa-b5c4ca2a9ea2/elements[39m
[35m[HTTP][39m [90m{"using":"accessibility id","value":"Upload sekarang"}[39m
[35m[HTTP][39m [37m<-- POST /wd/hub/session/3cc5f5ed-bad3-4837-85fa-b5c4ca2a9ea2/elements [39m[32m200[39m [90m13 ms - 139[39m
[35m[HTTP][39m [90m[39m
[35m[HTTP][39m [37m-->[39m [37mPOST[39m [37m/wd/hub/session/3cc5f5ed-bad3-4837-85fa-b5c4ca2a9ea2/elements[39m
[35m[HTTP][39m [90m{"using":"xpath","value":"//*[@class = 'android.view.View' and @resource-id = '' and (@text = '' or . = '')]"}[39m
[35m[HTTP][39m [37m<-- POST /wd/hub/session/3cc5f5ed-bad3-4837-85fa-b5c4ca2a9ea2/elements [39m[32m200[39m [90m36 ms - 2187[39m
[35m[HTTP][39m [90m[39m
[35m[HTTP][39m [37m-->[39m [37mPOST[39m [37m/wd/hub/session/3cc5f5ed-bad3-4837-85fa-b5c4ca2a9ea2/elements[39m
[35m[HTTP][39m [90m{"using":"accessibility id","value":"Payment Info"}[39m
[35m[HTTP][39m [37m<-- POST /wd/hub/session/3cc5f5ed-bad3-4837-85fa-b5c4ca2a9ea2/elements [39m[32m200[39m [90m13 ms - 139[39m
[35m[HTTP][39m [90m[39m
[35m[HTTP][39m [37m-->[39m [37mGET[39m [37m/wd/hub/session/3cc5f5ed-bad3-4837-85fa-b5c4ca2a9ea2/source[39m
[35m[HTTP][39m [90m{}[39m
[35m[W3C (3cc5f5ed)][39m Driver proxy active, passing request on via HTTP proxy
[35m[WD Proxy][39m Replacing sessionId ff82fd29-8d08-4c5b-9f9e-ee588a5ce5fd with 3cc5f5ed-bad3-4837-85fa-b5c4ca2a9ea2
[35m[HTTP][39m [37m<-- GET /wd/hub/session/3cc5f5ed-bad3-4837-85fa-b5c4ca2a9ea2/source [39m[32m200[39m [90m29 ms - 6834[39m
[35m[HTTP][39m [90m[39m
[35m[HTTP][39m [37m-->[39m [37mGET[39m [37m/wd/hub/session/3cc5f5ed-bad3-4837-85fa-b5c4ca2a9ea2/screenshot[39m
[35m[HTTP][39m [90m{}[39m
[35m[HTTP][39m [37m<-- GET /wd/hub/session/3cc5f5ed-bad3-4837-85fa-b5c4ca2a9ea2/screenshot [39m[32m200[39m [90m202 ms - 63578[39m
[35m[HTTP][39m [90m[39m
[35m[HTTP][39m [37m-->[39m [37mPOST[39m [37m/wd/hub/session/3cc5f5ed-bad3-4837-85fa-b5c4ca2a9ea2/elements[39m
[35m[HTTP][39m [90m{"using":"xpath","value":"//*[@class = 'android.widget.Button' and @resource-id = '' and (@text = '' or . = '')]"}[39m
[35m[HTTP][39m [37m<-- POST /wd/hub/session/3cc5f5ed-bad3-4837-85fa-b5c4ca2a9ea2/elements [39m[32m200[39m [90m24 ms - 395[39m
[35m[HTTP][39m [90m[39m
[35m[HTTP][39m [37m-->[39m [37mPOST[39m [37m/wd/hub/session/3cc5f5ed-bad3-4837-85fa-b5c4ca2a9ea2/elements[39m
[35m[HTTP][39m [90m{"using":"accessibility id","value":"Submit"}[39m
[35m[HTTP][39m [37m<-- POST /wd/hub/session/3cc5f5ed-bad3-4837-85fa-b5c4ca2a9ea2/elements [39m[32m200[39m [90m15 ms - 139[39m
[35m[HTTP][39m [90m[39m
[35m[HTTP][39m [37m-->[39m [37mPOST[39m [37m/wd/hub/session/3cc5f5ed-bad3-4837-85fa-b5c4ca2a9ea2/elements[39m
[35m[HTTP][39m [90m{"using":"xpath","value":"//*[@class = 'android.widget.Button' and @resource-id = '' and (@text = '' or . = '')]"}[39m
[35m[HTTP][39m [37m<-- POST /wd/hub/session/3cc5f5ed-bad3-4837-85fa-b5c4ca2a9ea2/elements [39m[32m200[39m [90m26 ms - 395[39m
[35m[HTTP][39m [90m[39m
[35m[HTTP][39m [37m-->[39m [37mPOST[39m [37m/wd/hub/session/3cc5f5ed-bad3-4837-85fa-b5c4ca2a9ea2/elements[39m
[35m[HTTP][39m [90m{"using":"-android uiautomator","value":"new UiSelector().className(\"android.widget.Button\").resourceId(\"\")"}[39m
[35m[HTTP][39m [37m<-- POST /wd/hub/session/3cc5f5ed-bad3-4837-85fa-b5c4ca2a9ea2/elements [39m[32m200[39m [90m24 ms - 395[39m
[35m[HTTP][39m [90m[39m
[35m[HTTP][39m [37m-->[39m [37mGET[39m [37m/wd/hub/session/3cc5f5ed-bad3-4837-85fa-b5c4ca2a9ea2/source[39m
[35m[HTTP][39m [90m{}[39m
[35m[W3C (3cc5f5ed)][39m Driver proxy active, passing request on via HTTP proxy
[35m[WD Proxy][39m Replacing sessionId ff82fd29-8d08-4c5b-9f9e-ee588a5ce5fd with 3cc5f5ed-bad3-4837-85fa-b5c4ca2a9ea2
[35m[HTTP][39m [37m<-- GET /wd/hub/session/3cc5f5ed-bad3-4837-85fa-b5c4ca2a9ea2/source [39m[32m200[39m [90m17 ms - 6457[39m
[35m[HTTP][39m [90m[39m
[35m[HTTP][39m [37m-->[39m [37mGET[39m [37m/wd/hub/session/3cc5f5ed-bad3-4837-85fa-b5c4ca2a9ea2/screenshot[39m
[35m[HTTP][39m [90m{}[39m
[35m[HTTP][39m [37m<-- GET /wd/hub/session/3cc5f5ed-bad3-4837-85fa-b5c4ca2a9ea2/screenshot [39m[32m200[39m [90m222 ms - 108754[39m
[35m[HTTP][39m [90m[39m
[35m[HTTP][39m [37m-->[39m [37mPOST[39m [37m/wd/hub/session/3cc5f5ed-bad3-4837-85fa-b5c4ca2a9ea2/elements[39m
[35m[HTTP][39m [90m{"using":"xpath","value":"//*[@class = 'android.widget.ImageView' and @resource-id = '' and (@text = '' or . = '')]"}[39m
[35m[HTTP][39m [37m<-- POST /wd/hub/session/3cc5f5ed-bad3-4837-85fa-b5c4ca2a9ea2/elements [39m[32m200[39m [90m26 ms - 139[39m
[35m[HTTP][39m [90m[39m
[35m[HTTP][39m [37m-->[39m [37mPOST[39m [37m/wd/hub/session/3cc5f5ed-bad3-4837-85fa-b5c4ca2a9ea2/elements[39m
[35m[HTTP][39m [90m{"using":"xpath","value":"//*[@class = 'android.widget.Button' and @resource-id = '' and (@text = '' or . = '')]"}[39m
[35m[HTTP][39m [37m<-- POST /wd/hub/session/3cc5f5ed-bad3-4837-85fa-b5c4ca2a9ea2/elements [39m[32m200[39m [90m22 ms - 267[39m
[35m[HTTP][39m [90m[39m
[35m[HTTP][39m [37m-->[39m [37mPOST[39m [37m/wd/hub/session/3cc5f5ed-bad3-4837-85fa-b5c4ca2a9ea2/elements[39m
[35m[HTTP][39m [90m{"using":"accessibility id","value":"Lihat Kelas"}[39m
[35m[HTTP][39m [37m<-- POST /wd/hub/session/3cc5f5ed-bad3-4837-85fa-b5c4ca2a9ea2/elements [39m[32m200[39m [90m12 ms - 139[39m
[35m[HTTP][39m [90m[39m
[35m[HTTP][39m [37m-->[39m [37mPOST[39m [37m/wd/hub/session/3cc5f5ed-bad3-4837-85fa-b5c4ca2a9ea2/elements[39m
[35m[HTTP][39m [90m{"using":"xpath","value":"//*[@class = 'android.widget.Button' and @resource-id = '' and (@text = '' or . = '')]"}[39m
[35m[HTTP][39m [37m<-- POST /wd/hub/session/3cc5f5ed-bad3-4837-85fa-b5c4ca2a9ea2/elements [39m[32m200[39m [90m26 ms - 267[39m
[35m[HTTP][39m [90m[39m
[35m[HTTP][39m [37m-->[39m [37mPOST[39m [37m/wd/hub/session/3cc5f5ed-bad3-4837-85fa-b5c4ca2a9ea2/elements[39m
[35m[HTTP][39m [90m{"using":"accessibility id","value":"Home"}[39m
[35m[HTTP][39m [37m<-- POST /wd/hub/session/3cc5f5ed-bad3-4837-85fa-b5c4ca2a9ea2/elements [39m[32m200[39m [90m12 ms - 139[39m
[35m[HTTP][39m [90m[39m
[35m[HTTP][39m [37m-->[39m [37mDELETE[39m [37m/wd/hub/session/3cc5f5ed-bad3-4837-85fa-b5c4ca2a9ea2[39m
[35m[HTTP][39m [90m{}[39m
[35m[Appium][39m Removing session 3cc5f5ed-bad3-4837-85fa-b5c4ca2a9ea2 from our master session list
[35m[UiAutomator2][39m Restoring hidden api policy to the device default configuration
[35m[HTTP][39m [37m<-- DELETE /wd/hub/session/3cc5f5ed-bad3-4837-85fa-b5c4ca2a9ea2 [39m[32m200[39m [90m282 ms - 14[39m
[35m[HTTP][39m [90m[39m
